#
# A fatal error has been detected by the Java Runtime Environment:
#
#  EXCEPTION_ACCESS_VIOLATION (0xc0000005) at pc=0x00007fff1186c8f8, pid=8344, tid=6252
#
# JRE version: OpenJDK Runtime Environment Temurin-17.0.7+7 (17.0.7+7) (build 17.0.7+7)
# Java VM: OpenJDK 64-Bit Server VM Temurin-17.0.7+7 (17.0.7+7, mixed mode, tiered, compressed oops, compressed class ptrs, parallel gc, windows-amd64)
# Problematic frame:
# V  [jvm.dll+0xc8f8]
#
# No core dump will be written. Minidumps are not enabled by default on client versions of Windows
#
# If you would like to submit a bug report, please visit:
#   https://github.com/adoptium/adoptium-support/issues
#

---------------  S U M M A R Y ------------

Command Line: --add-modules=ALL-SYSTEM --add-opens=java.base/java.util=ALL-UNNAMED --add-opens=java.base/java.lang=ALL-UNNAMED --add-opens=java.base/sun.nio.fs=ALL-UNNAMED -Declipse.application=org.eclipse.jdt.ls.core.id1 -Dosgi.bundles.defaultStartLevel=4 -Declipse.product=org.eclipse.jdt.ls.core.product -Djava.import.generatesMetadataFilesAtProjectRoot=false -Dfile.encoding=utf8 -XX:+UseParallelGC -XX:GCTimeRatio=4 -XX:AdaptiveSizePolicyWeight=90 -Dsun.zip.disableMemoryMapping=true -Xmx1G -Xms100m -Xlog:disable -javaagent:c:\Users\jogos\.vscode\extensions\redhat.java-1.21.0-win32-x64\lombok\lombok-1.18.28.jar -XX:+HeapDumpOnOutOfMemoryError -XX:HeapDumpPath=c:\Users\jogos\AppData\Roaming\Code\User\workspaceStorage\c0aef8e5b4e1929083b73ec63c78fc2e\redhat.java -Daether.dependencyCollector.impl=bf c:\Users\jogos\.vscode\extensions\redhat.java-1.21.0-win32-x64\server\plugins\org.eclipse.equinox.launcher_1.6.500.v20230717-2134.jar -configuration c:\Users\jogos\AppData\Roaming\Code\User\globalStorage\redhat.java\1.21.0\config_win -data c:\Users\jogos\AppData\Roaming\Code\User\workspaceStorage\c0aef8e5b4e1929083b73ec63c78fc2e\redhat.java\jdt_ws

Host: Intel(R) Core(TM)2 Duo CPU     E7500  @ 2.93GHz, 2 cores, 6G,  Windows 10 , 64 bit Build 19041 (10.0.19041.3155)
Time: Sun Aug 13 23:25:48 2023 Hora oficial do Brasil elapsed time: 3799.360751 seconds (0d 1h 3m 19s)

---------------  T H R E A D  ---------------

Current thread (0x0000021fc09f9a70):  GCTaskThread "GC Thread#0" [stack: 0x000000c5b9300000,0x000000c5b9400000] [id=6252]

Stack: [0x000000c5b9300000,0x000000c5b9400000],  sp=0x000000c5b93ff9a8,  free space=1022k
Native frames: (J=compiled Java code, j=interpreted, Vv=VM code, C=native code)
V  [jvm.dll+0xc8f8]


siginfo: EXCEPTION_ACCESS_VIOLATION (0xc0000005), reading address 0x0000000000000010


Register to memory mapping:

RIP=0x00007fff1186c8f8 jvm.dll
RAX=0x0000000000000001 is an unknown value
RBX=0x0000000120008174 is an unknown value
RCX=0x0000000000000003 is an unknown value
RDX=0x00000000eacdaf60 points into unknown readable memory: 0x0000000120008174 | 74 81 00 20 01 00 00 00
RSP=0x000000c5b93ff9a8 points into unknown readable memory: 0x00007fff11f142e6 | e6 42 f1 11 ff 7f 00 00
RBP=0x000000c5b93ffa28 points into unknown readable memory: 0x000000000000000c | 0c 00 00 00 00 00 00 00
RSI=0x00000000c8c1005c is pointing into object: [Ljava.lang.Object; 
{0x00000000c8bf0678} - klass: 'java/lang/Object'[]
 - length: 67100
RDI=0x0000021fd47a7100 points into unknown readable memory: 0x00007fff12210578 | 78 05 21 12 ff 7f 00 00
R8 =0x0000000000000008 is an unknown value
R9 =0x0000000000000001 is an unknown value
R10=0x0 is NULL
R11=0x0000021fd47a7100 points into unknown readable memory: 0x00007fff12210578 | 78 05 21 12 ff 7f 00 00
R12=0x0 is NULL
R13=0x0000000000000010 is an unknown value
R14=0x00000000eacdaf60 points into unknown readable memory: 0x0000000120008174 | 74 81 00 20 01 00 00 00
R15=0x0000021fd47a7100 points into unknown readable memory: 0x00007fff12210578 | 78 05 21 12 ff 7f 00 00


Registers:
RAX=0x0000000000000001, RBX=0x0000000120008174, RCX=0x0000000000000003, RDX=0x00000000eacdaf60
RSP=0x000000c5b93ff9a8, RBP=0x000000c5b93ffa28, RSI=0x00000000c8c1005c, RDI=0x0000021fd47a7100
R8 =0x0000000000000008, R9 =0x0000000000000001, R10=0x0000000000000000, R11=0x0000021fd47a7100
R12=0x0000000000000000, R13=0x0000000000000010, R14=0x00000000eacdaf60, R15=0x0000021fd47a7100
RIP=0x00007fff1186c8f8, EFLAGS=0x0000000000010202

Top of Stack: (sp=0x000000c5b93ff9a8)
0x000000c5b93ff9a8:   00007fff11f142e6 0000000000000001
0x000000c5b93ff9b8:   0000000000000003 00000000c8d43478
0x000000c5b93ff9c8:   00007fff11f06b5f 00000000ead33248
0x000000c5b93ff9d8:   00000000eb00edf0 00000000c8de9778
0x000000c5b93ff9e8:   0000000000000400 00000000eaf24010
0x000000c5b93ff9f8:   0000000000001000 00000000c8d43458
0x000000c5b93ffa08:   00007fff11ee2503 0000000000000009
0x000000c5b93ffa18:   0000000000000400 0000000000000010
0x000000c5b93ffa28:   000000000000000c 0000000000000000
0x000000c5b93ffa38:   0000000000000000 00000000c8c1005c
0x000000c5b93ffa48:   0000000120008174 0000021fc09fb0a0
0x000000c5b93ffa58:   00007fff11f15550 0000021fd47a7100
0x000000c5b93ffa68:   00007fff11f06b43 0000000120008174
0x000000c5b93ffa78:   0000000000000400 000000c5b94ff2b8
0x000000c5b93ffa88:   0000000000000001 000000c5b93ffb28
0x000000c5b93ffa98:   00000000c8c31ef8 0000000000000000 

Instructions: (pc=0x00007fff1186c8f8)
0x00007fff1186c7f8:   48 83 c4 20 5e c3 cc cc 48 8b 01 c3 cc cc cc cc
0x00007fff1186c808:   cc cc cc cc cc cc cc cc 4c 8b 01 4c 8b c9 48 8b
0x00007fff1186c818:   0d f3 e4 b4 00 ba 44 60 08 00 e9 59 f2 ff ff cc
0x00007fff1186c828:   cc cc cc cc cc cc cc cc 48 89 5c 24 08 57 48 83
0x00007fff1186c838:   ec 20 48 8b 39 48 8b d9 48 85 3d 71 c6 b9 00 75
0x00007fff1186c848:   0e 48 8b c7 48 8b 5c 24 30 48 83 c4 20 5f c3 48
0x00007fff1186c858:   8b cf e8 81 87 85 00 48 8b d0 48 85 c0 74 20 48
0x00007fff1186c868:   8b c7 f0 48 0f b1 13 74 16 48 85 05 40 c6 b9 00
0x00007fff1186c878:   74 0d 48 8b c8 f0 48 0f b1 13 48 3b c1 75 ea 48
0x00007fff1186c888:   8b 5c 24 30 48 8b c2 48 83 c4 20 5f c3 cc cc cc
0x00007fff1186c898:   cc cc cc cc cc cc cc cc 4c 8b 01 4c 8b c9 48 8b
0x00007fff1186c8a8:   0d 63 e4 b4 00 ba 64 60 08 00 e9 c9 f1 ff ff cc
0x00007fff1186c8b8:   cc cc cc cc cc cc cc cc 8b 05 32 2a af 00 c3 cc
0x00007fff1186c8c8:   cc cc cc cc cc cc cc cc 0f b6 05 b8 ec b5 00 48
0x00007fff1186c8d8:   8b d1 84 c0 74 16 44 8b 41 08 8b 0d 10 2a af 00
0x00007fff1186c8e8:   49 d3 e0 4c 03 05 fe 29 af 00 eb 04 4c 8b 41 08
0x00007fff1186c8f8:   45 8b 50 08 45 85 d2 7e 0e 41 f6 c2 01 75 53 41
0x00007fff1186c908:   c1 fa 03 41 8b c2 c3 79 49 84 c0 b9 10 00 00 00
0x00007fff1186c918:   8b 05 16 39 af 00 41 b8 0c 00 00 00 41 0f 45 c8
0x00007fff1186c928:   ff c8 4c 63 c8 48 63 14 11 41 8b ca 83 e1 3f 48
0x00007fff1186c938:   d3 e2 41 8b ca 48 c1 f9 10 0f b6 c1 49 8d 0c 11
0x00007fff1186c948:   49 f7 d1 48 03 c1 49 c1 e9 03 48 c1 e8 03 41 23
0x00007fff1186c958:   c1 c3 49 8b 00 49 8b c8 48 ff a0 00 01 00 00 cc
0x00007fff1186c968:   cc cc cc cc cc cc cc cc 8b 44 24 30 45 03 c9 44
0x00007fff1186c978:   2b 4c 24 28 83 c0 0b 44 03 ca 45 03 c8 41 03 c1
0x00007fff1186c988:   c3 cc cc cc cc cc cc cc 4c 8b ca 48 8b d1 45 8b
0x00007fff1186c998:   41 08 45 85 c0 7e 0e 41 f6 c0 01 75 56 41 c1 f8
0x00007fff1186c9a8:   03 41 8b c0 c3 79 4c 80 3d d9 eb b5 00 00 b8 0c
0x00007fff1186c9b8:   00 00 00 b9 10 00 00 00 0f 45 c8 8b 05 6b 38 af
0x00007fff1186c9c8:   00 ff c8 4c 63 c8 48 63 14 11 41 8b c8 83 e1 3f
0x00007fff1186c9d8:   48 d3 e2 41 8b c8 48 c1 f9 10 0f b6 c1 49 8d 0c
0x00007fff1186c9e8:   11 49 f7 d1 48 03 c1 49 c1 e9 03 48 c1 e8 03 41 


Stack slot to memory mapping:
stack at sp + 0 slots: 0x00007fff11f142e6 jvm.dll
stack at sp + 1 slots: 0x0000000000000001 is an unknown value
stack at sp + 2 slots: 0x0000000000000003 is an unknown value
stack at sp + 3 slots: 0x00000000c8d43478 is pointing into object: [Lorg.eclipse.jdt.internal.compiler.lookup.ParameterizedTypeBinding; 
{0x00000000c8d43468} - klass: 'org/eclipse/jdt/internal/compiler/lookup/ParameterizedTypeBinding'[]
 - length: 1
stack at sp + 4 slots: 0x00007fff11f06b5f jvm.dll
stack at sp + 5 slots: 0x00000000ead33248 is an oop: java.util.WeakHashMap$Entry 
{0x00000000ead33248} - klass: 'java/util/WeakHashMap$Entry'
 - ---- fields (total size 5 words):
 - private 'referent' 'Ljava/lang/Object;' @12  a 'org/eclipse/jdt/internal/compiler/ast/CompilationUnitDeclaration'{0x00000000eac88c08} (eac88c08)
 - volatile 'queue' 'Ljava/lang/ref/ReferenceQueue;' @16  a 'java/lang/ref/ReferenceQueue'{0x00000000c24c37d8} (c24c37d8)
 - volatile 'next' 'Ljava/lang/ref/Reference;' @20  NULL (0)
 - private transient 'discovered' 'Ljava/lang/ref/Reference;' @24  NULL (0)
 - final 'hash' 'I' @28  1833422557 (6d47cedd)
 - 'value' 'Ljava/lang/Object;' @32  a 'lombok/eclipse/TransformEclipseAST$State'{0x00000000c25233f8} (c25233f8)
 - 'next' 'Ljava/util/WeakHashMap$Entry;' @36  NULL (0)
stack at sp + 6 slots: 0x00000000eb00edf0 is an oop: java.lang.ThreadLocal 
{0x00000000eb00edf0} - klass: 'java/lang/ThreadLocal'
 - ---- fields (total size 2 words):
 - private final 'threadLocalHashCode' 'I' @12  -962953692 (c69a7e24)
stack at sp + 7 slots: 0x00000000c8de9778 is an oop: [I 
{0x00000000c8de9778} - klass: {type array int}
 - length: 1


---------------  P R O C E S S  ---------------

Threads class SMR info:
_java_thread_list=0x0000021fe6aae330, length=28, elements={
0x0000021fc09e2260, 0x0000021fd47c1740, 0x0000021fd47c3fe0, 0x0000021fd47ea280,
0x0000021fd47eb0f0, 0x0000021fd47ebf60, 0x0000021fd47edb20, 0x0000021fd47f0d10,
0x0000021fd4854500, 0x0000021fd48561c0, 0x0000021fc0a9fe10, 0x0000021fd95b7a40,
0x0000021fd9c84bd0, 0x0000021fd9a7c3d0, 0x0000021fd9a7c8a0, 0x0000021fd9a72c90,
0x0000021fd9d904c0, 0x0000021fd96619f0, 0x0000021fd9661ec0, 0x0000021fdaa48580,
0x0000021fdaa47240, 0x0000021fdaa48a50, 0x0000021fdaa47be0, 0x0000021fd9b9d560,
0x0000021fd9b9fbe0, 0x0000021fd9ba00b0, 0x0000021fdaa42ee0, 0x0000021fdaa493f0
}

Java Threads: ( => current thread )
  0x0000021fc09e2260 JavaThread "main" [_thread_blocked, id=8656, stack(0x000000c5b9200000,0x000000c5b9300000)]
  0x0000021fd47c1740 JavaThread "Reference Handler" daemon [_thread_blocked, id=2204, stack(0x000000c5b9500000,0x000000c5b9600000)]
  0x0000021fd47c3fe0 JavaThread "Finalizer" daemon [_thread_blocked, id=7436, stack(0x000000c5b9600000,0x000000c5b9700000)]
  0x0000021fd47ea280 JavaThread "Signal Dispatcher" daemon [_thread_blocked, id=1284, stack(0x000000c5b9700000,0x000000c5b9800000)]
  0x0000021fd47eb0f0 JavaThread "Attach Listener" daemon [_thread_blocked, id=8036, stack(0x000000c5b9800000,0x000000c5b9900000)]
  0x0000021fd47ebf60 JavaThread "Service Thread" daemon [_thread_blocked, id=7492, stack(0x000000c5b9900000,0x000000c5b9a00000)]
  0x0000021fd47edb20 JavaThread "Monitor Deflation Thread" daemon [_thread_blocked, id=4812, stack(0x000000c5b9a00000,0x000000c5b9b00000)]
  0x0000021fd47f0d10 JavaThread "C2 CompilerThread0" daemon [_thread_blocked, id=4624, stack(0x000000c5b9b00000,0x000000c5b9c00000)]
  0x0000021fd4854500 JavaThread "C1 CompilerThread0" daemon [_thread_blocked, id=8196, stack(0x000000c5b9c00000,0x000000c5b9d00000)]
  0x0000021fd48561c0 JavaThread "Sweeper thread" daemon [_thread_blocked, id=6048, stack(0x000000c5b9d00000,0x000000c5b9e00000)]
  0x0000021fc0a9fe10 JavaThread "Common-Cleaner" daemon [_thread_blocked, id=8264, stack(0x000000c5b9e00000,0x000000c5b9f00000)]
  0x0000021fd95b7a40 JavaThread "Notification Thread" daemon [_thread_blocked, id=8544, stack(0x000000c5b9f00000,0x000000c5ba000000)]
  0x0000021fd9c84bd0 JavaThread "Active Thread: Equinox Container: c6991680-1b5d-47b4-9ed0-3953aa59fd85" [_thread_blocked, id=8268, stack(0x000000c5ba200000,0x000000c5ba300000)]
  0x0000021fd9a7c3d0 JavaThread "Framework Event Dispatcher: Equinox Container: c6991680-1b5d-47b4-9ed0-3953aa59fd85" daemon [_thread_blocked, id=3912, stack(0x000000c5ba300000,0x000000c5ba400000)]
  0x0000021fd9a7c8a0 JavaThread "Start Level: Equinox Container: c6991680-1b5d-47b4-9ed0-3953aa59fd85" daemon [_thread_blocked, id=7264, stack(0x000000c5ba400000,0x000000c5ba500000)]
  0x0000021fd9a72c90 JavaThread "SCR Component Actor" daemon [_thread_blocked, id=4372, stack(0x000000c5ba500000,0x000000c5ba600000)]
  0x0000021fd9d904c0 JavaThread "Worker-JM" [_thread_blocked, id=2972, stack(0x000000c5ba700000,0x000000c5ba800000)]
  0x0000021fd96619f0 JavaThread "Java indexing" daemon [_thread_blocked, id=3880, stack(0x000000c5baa00000,0x000000c5bab00000)]
  0x0000021fd9661ec0 JavaThread "JNA Cleaner" daemon [_thread_blocked, id=3516, stack(0x000000c5bad00000,0x000000c5bae00000)]
  0x0000021fdaa48580 JavaThread "pool-2-thread-1" [_thread_blocked, id=4436, stack(0x000000c5bb000000,0x000000c5bb100000)]
  0x0000021fdaa47240 JavaThread "WorkspaceEventsHandler" [_thread_blocked, id=8528, stack(0x000000c5bb100000,0x000000c5bb200000)]
  0x0000021fdaa48a50 JavaThread "pool-1-thread-1" [_thread_blocked, id=1404, stack(0x000000c5bb200000,0x000000c5bb300000)]
  0x0000021fdaa47be0 JavaThread "Bundle File Closer" daemon [_thread_blocked, id=8836, stack(0x000000c5bb500000,0x000000c5bb600000)]
  0x0000021fd9b9d560 JavaThread "Worker-15" [_thread_blocked, id=1732, stack(0x000000c5bac00000,0x000000c5bad00000)]
  0x0000021fd9b9fbe0 JavaThread "Worker-20" [_thread_blocked, id=5888, stack(0x000000c5ba600000,0x000000c5ba700000)]
  0x0000021fd9ba00b0 JavaThread "ForkJoinPool.commonPool-worker-10" daemon [_thread_blocked, id=5584, stack(0x000000c5b9000000,0x000000c5b9100000)]
  0x0000021fdaa42ee0 JavaThread "Worker-21" [_thread_blocked, id=8756, stack(0x000000c5b9100000,0x000000c5b9200000)]
  0x0000021fdaa493f0 JavaThread "Thread-5272" [_thread_blocked, id=5908, stack(0x000000c5ba900000,0x000000c5baa00000)]

Other Threads:
  0x0000021fd47a9e50 VMThread "VM Thread" [stack: 0x000000c5b9400000,0x000000c5b9500000] [id=3144]
  0x0000021fd95d5e40 WatcherThread [stack: 0x000000c5ba000000,0x000000c5ba100000] [id=6340]
=>0x0000021fc09f9a70 GCTaskThread "GC Thread#0" [stack: 0x000000c5b9300000,0x000000c5b9400000] [id=6252]
  0x0000021fd9986a40 GCTaskThread "GC Thread#1" [stack: 0x000000c5ba100000,0x000000c5ba200000] [id=9156]

Threads with active compile tasks:

VM state: at safepoint (normal execution)

VM Mutex/Monitor currently owned by a thread:  ([mutex/lock_event])
[0x0000021fc09ddf00] Threads_lock - owner thread: 0x0000021fd47a9e50
[0x0000021fc09deb60] Heap_lock - owner thread: 0x0000021fdaa493f0

Heap address: 0x00000000c0000000, size: 1024 MB, Compressed Oops mode: 32-bit

CDS archive(s) not mapped
Compressed class space mapped at: 0x0000000100000000-0x0000000140000000, reserved size: 1073741824
Narrow klass base: 0x0000000000000000, Narrow klass shift: 3, Narrow klass range: 0x140000000

GC Precious Log:
 CPUs: 2 total, 2 available
 Memory: 7037M
 Large Page Support: Disabled
 NUMA Support: Disabled
 Compressed Oops: Enabled (32-bit)
 Alignments: Space 512K, Generation 512K, Heap 2M
 Heap Min Capacity: 100M
 Heap Initial Capacity: 100M
 Heap Max Capacity: 1G
 Pre-touch: Disabled
 Parallel Workers: 2

Heap:
 PSYoungGen      total 3072K, used 2784K [0x00000000eab00000, 0x00000000eb100000, 0x0000000100000000)
  eden space 1536K, 100% used [0x00000000eab00000,0x00000000eac80000,0x00000000eac80000)
  from space 1536K, 81% used [0x00000000eac80000,0x00000000eadb8000,0x00000000eae00000)
  to   space 2048K, 19% used [0x00000000eaf00000,0x00000000eaf64010,0x00000000eb100000)
 ParOldGen       total 168448K, used 145445K [0x00000000c0000000, 0x00000000ca480000, 0x00000000eab00000)
  object space 168448K, 86% used [0x00000000c0000000,0x00000000c8e09778,0x00000000ca480000)
 Metaspace       used 87574K, committed 88640K, reserved 1179648K
  class space    used 8800K, committed 9280K, reserved 1048576K

Card table byte_map: [0x0000021fc0390000,0x0000021fc05a0000] _byte_map_base: 0x0000021fbfd90000

Marking Bits: (ParMarkBitMap*) 0x00007fff123e52c0
 Begin Bits: [0x0000021fd2670000, 0x0000021fd3670000)
 End Bits:   [0x0000021fd3670000, 0x0000021fd4670000)

Polling page: 0x0000021fbe890000

Metaspace:

Usage:
  Non-class:     76.93 MB used.
      Class:      8.59 MB used.
       Both:     85.52 MB used.

Virtual space:
  Non-class space:      128.00 MB reserved,      77.50 MB ( 61%) committed,  2 nodes.
      Class space:        1.00 GB reserved,       9.06 MB ( <1%) committed,  1 nodes.
             Both:        1.12 GB reserved,      86.56 MB (  8%) committed. 

Chunk freelists:
   Non-Class:  2.48 MB
       Class:  6.91 MB
        Both:  9.39 MB

MaxMetaspaceSize: unlimited
CompressedClassSpaceSize: 1.00 GB
Initial GC threshold: 21.00 MB
Current GC threshold: 144.31 MB
CDS: off
MetaspaceReclaimPolicy: balanced
 - commit_granule_bytes: 65536.
 - commit_granule_words: 8192.
 - virtual_space_node_default_size: 8388608.
 - enlarge_chunks_in_place: 1.
 - new_chunks_are_fully_committed: 0.
 - uncommit_free_chunks: 1.
 - use_allocation_guard: 0.
 - handle_deallocations: 1.


Internal statistics:

num_allocs_failed_limit: 9.
num_arena_births: 850.
num_arena_deaths: 248.
num_vsnodes_births: 3.
num_vsnodes_deaths: 0.
num_space_committed: 1385.
num_space_uncommitted: 0.
num_chunks_returned_to_freelist: 293.
num_chunks_taken_from_freelist: 4548.
num_chunk_merges: 105.
num_chunk_splits: 2729.
num_chunks_enlarged: 1530.
num_inconsistent_stats: 0.

CodeHeap 'non-profiled nmethods': size=120064Kb used=16394Kb max_used=16602Kb free=103669Kb
 bounds [0x0000021fcb130000, 0x0000021fcc170000, 0x0000021fd2670000]
CodeHeap 'profiled nmethods': size=120000Kb used=35621Kb max_used=35790Kb free=84378Kb
 bounds [0x0000021fc3670000, 0x0000021fc5970000, 0x0000021fcaba0000]
CodeHeap 'non-nmethods': size=5696Kb used=1418Kb max_used=1475Kb free=4277Kb
 bounds [0x0000021fcaba0000, 0x0000021fcae10000, 0x0000021fcb130000]
 total_blobs=16270 nmethods=15499 adapters=683
 compilation: enabled
              stopped_count=0, restarted_count=0
 full_count=0

Compilation events (20 events):
Event: 3796.286 Thread 0x0000021fd47f0d10 21042       4       org.eclipse.jdt.internal.compiler.ast.AbstractMethodDeclaration::bindArguments (221 bytes)
Event: 3796.312 Thread 0x0000021fd47f0d10 nmethod 21042 0x0000021fcb861310 code [0x0000021fcb8615c0, 0x0000021fcb862078]
Event: 3796.400 Thread 0x0000021fd47f0d10 21043       4       org.eclipse.jdt.internal.compiler.ast.AbstractMethodDeclaration::resolveReceiver (339 bytes)
Event: 3796.401 Thread 0x0000021fd47f0d10 nmethod 21043 0x0000021fcb861010 code [0x0000021fcb861180, 0x0000021fcb861218]
Event: 3796.414 Thread 0x0000021fd4854500 21044       3       java.util.stream.Collectors$$Lambda$223/0x0000000100371558::accept (11 bytes)
Event: 3796.415 Thread 0x0000021fd4854500 nmethod 21044 0x0000021fc5435a90 code [0x0000021fc5435c40, 0x0000021fc5435f08]
Event: 3796.741 Thread 0x0000021fd47f0d10 21045       4       org.eclipse.jdt.internal.compiler.SourceElementNotifier::hasDeprecatedAnnotation (48 bytes)
Event: 3796.743 Thread 0x0000021fd47f0d10 nmethod 21045 0x0000021fcb860b90 code [0x0000021fcb860d20, 0x0000021fcb860ed8]
Event: 3796.744 Thread 0x0000021fd47f0d10 21046       4       java.util.stream.Nodes::flattenInt (60 bytes)
Event: 3796.744 Thread 0x0000021fd47f0d10 nmethod 21046 0x0000021fcb860890 code [0x0000021fcb860a20, 0x0000021fcb860ab8]
Event: 3796.744 Thread 0x0000021fd47f0d10 21047       4       java.util.stream.IntPipeline::makeNodeBuilder (5 bytes)
Event: 3796.748 Thread 0x0000021fd47f0d10 nmethod 21047 0x0000021fcb860190 code [0x0000021fcb860320, 0x0000021fcb860658]
Event: 3798.203 Thread 0x0000021fd4854500 21048  s    3       java.lang.Throwable::getSuppressed (37 bytes)
Event: 3798.203 Thread 0x0000021fd4854500 nmethod 21048 0x0000021fc43b9b10 code [0x0000021fc43b9ce0, 0x0000021fc43ba128]
Event: 3798.215 Thread 0x0000021fd47f0d10 21049       4       org.eclipse.jdt.internal.junit.launcher.JUnit5TestFinder$Annotation::matchesNameInAnnotationHierarchy (99 bytes)
Event: 3798.239 Thread 0x0000021fd47f0d10 nmethod 21049 0x0000021fcb85e090 code [0x0000021fcb85e3a0, 0x0000021fcb85f218]
Event: 3798.790 Thread 0x0000021fd4854500 21050       3       java.text.DateFormatSymbols::getProviderInstance (37 bytes)
Event: 3798.790 Thread 0x0000021fd4854500 nmethod 21050 0x0000021fc44d3e90 code [0x0000021fc44d4080, 0x0000021fc44d4478]
Event: 3799.214 Thread 0x0000021fd47f0d10 21051       4       org.eclipse.jdt.internal.compiler.parser.Parser::consumeConstructorHeaderName (293 bytes)
Event: 3799.245 Thread 0x0000021fd47f0d10 nmethod 21051 0x0000021fcb85c810 code [0x0000021fcb85ca20, 0x0000021fcb85d878]

GC Heap History (20 events):
Event: 3798.130 GC heap after
{Heap after GC invocations=3834 (full 107):
 PSYoungGen      total 3584K, used 1417K [0x00000000eab00000, 0x00000000eb000000, 0x0000000100000000)
  eden space 2048K, 0% used [0x00000000eab00000,0x00000000eab00000,0x00000000ead00000)
  from space 1536K, 92% used [0x00000000eae80000,0x00000000eafe2400,0x00000000eb000000)
  to   space 1536K, 0% used [0x00000000ead00000,0x00000000ead00000,0x00000000eae80000)
 ParOldGen       total 168448K, used 138885K [0x00000000c0000000, 0x00000000ca480000, 0x00000000eab00000)
  object space 168448K, 82% used [0x00000000c0000000,0x00000000c87a15b0,0x00000000ca480000)
 Metaspace       used 87573K, committed 88640K, reserved 1179648K
  class space    used 8800K, committed 9280K, reserved 1048576K
}
Event: 3798.140 GC heap before
{Heap before GC invocations=3835 (full 107):
 PSYoungGen      total 3584K, used 3465K [0x00000000eab00000, 0x00000000eb000000, 0x0000000100000000)
  eden space 2048K, 100% used [0x00000000eab00000,0x00000000ead00000,0x00000000ead00000)
  from space 1536K, 92% used [0x00000000eae80000,0x00000000eafe2400,0x00000000eb000000)
  to   space 1536K, 0% used [0x00000000ead00000,0x00000000ead00000,0x00000000eae80000)
 ParOldGen       total 168448K, used 138885K [0x00000000c0000000, 0x00000000ca480000, 0x00000000eab00000)
  object space 168448K, 82% used [0x00000000c0000000,0x00000000c87a15b0,0x00000000ca480000)
 Metaspace       used 87573K, committed 88640K, reserved 1179648K
  class space    used 8800K, committed 9280K, reserved 1048576K
}
Event: 3798.146 GC heap after
{Heap after GC invocations=3835 (full 107):
 PSYoungGen      total 3584K, used 1032K [0x00000000eab00000, 0x00000000eb080000, 0x0000000100000000)
  eden space 2048K, 0% used [0x00000000eab00000,0x00000000eab00000,0x00000000ead00000)
  from space 1536K, 67% used [0x00000000ead00000,0x00000000eae022d0,0x00000000eae80000)
  to   space 1536K, 0% used [0x00000000eaf00000,0x00000000eaf00000,0x00000000eb080000)
 ParOldGen       total 168448K, used 140189K [0x00000000c0000000, 0x00000000ca480000, 0x00000000eab00000)
  object space 168448K, 83% used [0x00000000c0000000,0x00000000c88e75b0,0x00000000ca480000)
 Metaspace       used 87573K, committed 88640K, reserved 1179648K
  class space    used 8800K, committed 9280K, reserved 1048576K
}
Event: 3798.151 GC heap before
{Heap before GC invocations=3836 (full 107):
 PSYoungGen      total 3584K, used 3080K [0x00000000eab00000, 0x00000000eb080000, 0x0000000100000000)
  eden space 2048K, 100% used [0x00000000eab00000,0x00000000ead00000,0x00000000ead00000)
  from space 1536K, 67% used [0x00000000ead00000,0x00000000eae022d0,0x00000000eae80000)
  to   space 1536K, 0% used [0x00000000eaf00000,0x00000000eaf00000,0x00000000eb080000)
 ParOldGen       total 168448K, used 140189K [0x00000000c0000000, 0x00000000ca480000, 0x00000000eab00000)
  object space 168448K, 83% used [0x00000000c0000000,0x00000000c88e75b0,0x00000000ca480000)
 Metaspace       used 87573K, committed 88640K, reserved 1179648K
  class space    used 8800K, committed 9280K, reserved 1048576K
}
Event: 3798.154 GC heap after
{Heap after GC invocations=3836 (full 107):
 PSYoungGen      total 3072K, used 0K [0x00000000eab00000, 0x00000000eaf80000, 0x0000000100000000)
  eden space 2560K, 0% used [0x00000000eab00000,0x00000000eab00000,0x00000000ead80000)
  from space 512K, 0% used [0x00000000eaf00000,0x00000000eaf00000,0x00000000eaf80000)
  to   space 512K, 0% used [0x00000000eae80000,0x00000000eae80000,0x00000000eaf00000)
 ParOldGen       total 168448K, used 141214K [0x00000000c0000000, 0x00000000ca480000, 0x00000000eab00000)
  object space 168448K, 83% used [0x00000000c0000000,0x00000000c89e7880,0x00000000ca480000)
 Metaspace       used 87573K, committed 88640K, reserved 1179648K
  class space    used 8800K, committed 9280K, reserved 1048576K
}
Event: 3798.160 GC heap before
{Heap before GC invocations=3837 (full 107):
 PSYoungGen      total 3072K, used 2560K [0x00000000eab00000, 0x00000000eaf80000, 0x0000000100000000)
  eden space 2560K, 100% used [0x00000000eab00000,0x00000000ead80000,0x00000000ead80000)
  from space 512K, 0% used [0x00000000eaf00000,0x00000000eaf00000,0x00000000eaf80000)
  to   space 512K, 0% used [0x00000000eae80000,0x00000000eae80000,0x00000000eaf00000)
 ParOldGen       total 168448K, used 141214K [0x00000000c0000000, 0x00000000ca480000, 0x00000000eab00000)
  object space 168448K, 83% used [0x00000000c0000000,0x00000000c89e7880,0x00000000ca480000)
 Metaspace       used 87573K, committed 88640K, reserved 1179648K
  class space    used 8800K, committed 9280K, reserved 1048576K
}
Event: 3798.161 GC heap after
{Heap after GC invocations=3837 (full 107):
 PSYoungGen      total 3584K, used 32K [0x00000000eab00000, 0x00000000eaf80000, 0x0000000100000000)
  eden space 3072K, 0% used [0x00000000eab00000,0x00000000eab00000,0x00000000eae00000)
  from space 512K, 6% used [0x00000000eae80000,0x00000000eae88000,0x00000000eaf00000)
  to   space 512K, 0% used [0x00000000eaf00000,0x00000000eaf00000,0x00000000eaf80000)
 ParOldGen       total 168448K, used 141214K [0x00000000c0000000, 0x00000000ca480000, 0x00000000eab00000)
  object space 168448K, 83% used [0x00000000c0000000,0x00000000c89e7880,0x00000000ca480000)
 Metaspace       used 87573K, committed 88640K, reserved 1179648K
  class space    used 8800K, committed 9280K, reserved 1048576K
}
Event: 3798.171 GC heap before
{Heap before GC invocations=3838 (full 107):
 PSYoungGen      total 3584K, used 3104K [0x00000000eab00000, 0x00000000eaf80000, 0x0000000100000000)
  eden space 3072K, 100% used [0x00000000eab00000,0x00000000eae00000,0x00000000eae00000)
  from space 512K, 6% used [0x00000000eae80000,0x00000000eae88000,0x00000000eaf00000)
  to   space 512K, 0% used [0x00000000eaf00000,0x00000000eaf00000,0x00000000eaf80000)
 ParOldGen       total 168448K, used 141214K [0x00000000c0000000, 0x00000000ca480000, 0x00000000eab00000)
  object space 168448K, 83% used [0x00000000c0000000,0x00000000c89e7880,0x00000000ca480000)
 Metaspace       used 87573K, committed 88640K, reserved 1179648K
  class space    used 8800K, committed 9280K, reserved 1048576K
}
Event: 3798.172 GC heap after
{Heap after GC invocations=3838 (full 107):
 PSYoungGen      total 4096K, used 160K [0x00000000eab00000, 0x00000000eb000000, 0x0000000100000000)
  eden space 3584K, 0% used [0x00000000eab00000,0x00000000eab00000,0x00000000eae80000)
  from space 512K, 31% used [0x00000000eaf00000,0x00000000eaf28000,0x00000000eaf80000)
  to   space 512K, 0% used [0x00000000eae80000,0x00000000eae80000,0x00000000eaf00000)
 ParOldGen       total 168448K, used 141214K [0x00000000c0000000, 0x00000000ca480000, 0x00000000eab00000)
  object space 168448K, 83% used [0x00000000c0000000,0x00000000c89e7880,0x00000000ca480000)
 Metaspace       used 87573K, committed 88640K, reserved 1179648K
  class space    used 8800K, committed 9280K, reserved 1048576K
}
Event: 3798.206 GC heap before
{Heap before GC invocations=3839 (full 107):
 PSYoungGen      total 4096K, used 3744K [0x00000000eab00000, 0x00000000eb000000, 0x0000000100000000)
  eden space 3584K, 100% used [0x00000000eab00000,0x00000000eae80000,0x00000000eae80000)
  from space 512K, 31% used [0x00000000eaf00000,0x00000000eaf28000,0x00000000eaf80000)
  to   space 512K, 0% used [0x00000000eae80000,0x00000000eae80000,0x00000000eaf00000)
 ParOldGen       total 168448K, used 141214K [0x00000000c0000000, 0x00000000ca480000, 0x00000000eab00000)
  object space 168448K, 83% used [0x00000000c0000000,0x00000000c89e7880,0x00000000ca480000)
 Metaspace       used 87573K, committed 88640K, reserved 1179648K
  class space    used 8800K, committed 9280K, reserved 1048576K
}
Event: 3798.209 GC heap after
{Heap after GC invocations=3839 (full 107):
 PSYoungGen      total 4096K, used 512K [0x00000000eab00000, 0x00000000eb180000, 0x0000000100000000)
  eden space 3584K, 0% used [0x00000000eab00000,0x00000000eab00000,0x00000000eae80000)
  from space 512K, 100% used [0x00000000eae80000,0x00000000eaf00000,0x00000000eaf00000)
  to   space 1024K, 0% used [0x00000000eb080000,0x00000000eb080000,0x00000000eb180000)
 ParOldGen       total 168448K, used 141567K [0x00000000c0000000, 0x00000000ca480000, 0x00000000eab00000)
  object space 168448K, 84% used [0x00000000c0000000,0x00000000c8a3ff58,0x00000000ca480000)
 Metaspace       used 87573K, committed 88640K, reserved 1179648K
  class space    used 8800K, committed 9280K, reserved 1048576K
}
Event: 3798.857 GC heap before
{Heap before GC invocations=3840 (full 107):
 PSYoungGen      total 4096K, used 4096K [0x00000000eab00000, 0x00000000eb180000, 0x0000000100000000)
  eden space 3584K, 100% used [0x00000000eab00000,0x00000000eae80000,0x00000000eae80000)
  from space 512K, 100% used [0x00000000eae80000,0x00000000eaf00000,0x00000000eaf00000)
  to   space 1024K, 0% used [0x00000000eb080000,0x00000000eb080000,0x00000000eb180000)
 ParOldGen       total 168448K, used 141567K [0x00000000c0000000, 0x00000000ca480000, 0x00000000eab00000)
  object space 168448K, 84% used [0x00000000c0000000,0x00000000c8a3ff58,0x00000000ca480000)
 Metaspace       used 87574K, committed 88640K, reserved 1179648K
  class space    used 8800K, committed 9280K, reserved 1048576K
}
Event: 3798.860 GC heap after
{Heap after GC invocations=3840 (full 107):
 PSYoungGen      total 4096K, used 320K [0x00000000eab00000, 0x00000000eb100000, 0x0000000100000000)
  eden space 3584K, 0% used [0x00000000eab00000,0x00000000eab00000,0x00000000eae80000)
  from space 512K, 62% used [0x00000000eb080000,0x00000000eb0d0000,0x00000000eb100000)
  to   space 1024K, 0% used [0x00000000eaf00000,0x00000000eaf00000,0x00000000eb000000)
 ParOldGen       total 168448K, used 142098K [0x00000000c0000000, 0x00000000ca480000, 0x00000000eab00000)
  object space 168448K, 84% used [0x00000000c0000000,0x00000000c8ac4898,0x00000000ca480000)
 Metaspace       used 87574K, committed 88640K, reserved 1179648K
  class space    used 8800K, committed 9280K, reserved 1048576K
}
Event: 3799.217 GC heap before
{Heap before GC invocations=3841 (full 107):
 PSYoungGen      total 4096K, used 3904K [0x00000000eab00000, 0x00000000eb100000, 0x0000000100000000)
  eden space 3584K, 100% used [0x00000000eab00000,0x00000000eae80000,0x00000000eae80000)
  from space 512K, 62% used [0x00000000eb080000,0x00000000eb0d0000,0x00000000eb100000)
  to   space 1024K, 0% used [0x00000000eaf00000,0x00000000eaf00000,0x00000000eb000000)
 ParOldGen       total 168448K, used 142098K [0x00000000c0000000, 0x00000000ca480000, 0x00000000eab00000)
  object space 168448K, 84% used [0x00000000c0000000,0x00000000c8ac4898,0x00000000ca480000)
 Metaspace       used 87574K, committed 88640K, reserved 1179648K
  class space    used 8800K, committed 9280K, reserved 1048576K
}
Event: 3799.220 GC heap after
{Heap after GC invocations=3841 (full 107):
 PSYoungGen      total 4608K, used 992K [0x00000000eab00000, 0x00000000eb180000, 0x0000000100000000)
  eden space 3584K, 0% used [0x00000000eab00000,0x00000000eab00000,0x00000000eae80000)
  from space 1024K, 96% used [0x00000000eaf00000,0x00000000eaff8000,0x00000000eb000000)
  to   space 1536K, 0% used [0x00000000eb000000,0x00000000eb000000,0x00000000eb180000)
 ParOldGen       total 168448K, used 142378K [0x00000000c0000000, 0x00000000ca480000, 0x00000000eab00000)
  object space 168448K, 84% used [0x00000000c0000000,0x00000000c8b0a898,0x00000000ca480000)
 Metaspace       used 87574K, committed 88640K, reserved 1179648K
  class space    used 8800K, committed 9280K, reserved 1048576K
}
Event: 3799.255 GC heap before
{Heap before GC invocations=3842 (full 107):
 PSYoungGen      total 4608K, used 4575K [0x00000000eab00000, 0x00000000eb180000, 0x0000000100000000)
  eden space 3584K, 99% used [0x00000000eab00000,0x00000000eae7fff8,0x00000000eae80000)
  from space 1024K, 96% used [0x00000000eaf00000,0x00000000eaff8000,0x00000000eb000000)
  to   space 1536K, 0% used [0x00000000eb000000,0x00000000eb000000,0x00000000eb180000)
 ParOldGen       total 168448K, used 142378K [0x00000000c0000000, 0x00000000ca480000, 0x00000000eab00000)
  object space 168448K, 84% used [0x00000000c0000000,0x00000000c8b0a898,0x00000000ca480000)
 Metaspace       used 87574K, committed 88640K, reserved 1179648K
  class space    used 8800K, committed 9280K, reserved 1048576K
}
Event: 3799.260 GC heap after
{Heap after GC invocations=3842 (full 107):
 PSYoungGen      total 3072K, used 1510K [0x00000000eab00000, 0x00000000eb580000, 0x0000000100000000)
  eden space 1536K, 0% used [0x00000000eab00000,0x00000000eab00000,0x00000000eac80000)
  from space 1536K, 98% used [0x00000000eb000000,0x00000000eb179880,0x00000000eb180000)
  to   space 3584K, 0% used [0x00000000eac80000,0x00000000eac80000,0x00000000eb000000)
 ParOldGen       total 168448K, used 143679K [0x00000000c0000000, 0x00000000ca480000, 0x00000000eab00000)
  object space 168448K, 85% used [0x00000000c0000000,0x00000000c8c4fef8,0x00000000ca480000)
 Metaspace       used 87574K, committed 88640K, reserved 1179648K
  class space    used 8800K, committed 9280K, reserved 1048576K
}
Event: 3799.265 GC heap before
{Heap before GC invocations=3843 (full 107):
 PSYoungGen      total 3072K, used 3046K [0x00000000eab00000, 0x00000000eb580000, 0x0000000100000000)
  eden space 1536K, 100% used [0x00000000eab00000,0x00000000eac80000,0x00000000eac80000)
  from space 1536K, 98% used [0x00000000eb000000,0x00000000eb179880,0x00000000eb180000)
  to   space 3584K, 0% used [0x00000000eac80000,0x00000000eac80000,0x00000000eb000000)
 ParOldGen       total 168448K, used 143679K [0x00000000c0000000, 0x00000000ca480000, 0x00000000eab00000)
  object space 168448K, 85% used [0x00000000c0000000,0x00000000c8c4fef8,0x00000000ca480000)
 Metaspace       used 87574K, committed 88640K, reserved 1179648K
  class space    used 8800K, committed 9280K, reserved 1048576K
}
Event: 3799.270 GC heap after
{Heap after GC invocations=3843 (full 107):
 PSYoungGen      total 3072K, used 1248K [0x00000000eab00000, 0x00000000eb100000, 0x0000000100000000)
  eden space 1536K, 0% used [0x00000000eab00000,0x00000000eab00000,0x00000000eac80000)
  from space 1536K, 81% used [0x00000000eac80000,0x00000000eadb8000,0x00000000eae00000)
  to   space 2048K, 0% used [0x00000000eaf00000,0x00000000eaf00000,0x00000000eb100000)
 ParOldGen       total 168448K, used 145205K [0x00000000c0000000, 0x00000000ca480000, 0x00000000eab00000)
  object space 168448K, 86% used [0x00000000c0000000,0x00000000c8dcd778,0x00000000ca480000)
 Metaspace       used 87574K, committed 88640K, reserved 1179648K
  class space    used 8800K, committed 9280K, reserved 1048576K
}
Event: 3799.273 GC heap before
{Heap before GC invocations=3844 (full 107):
 PSYoungGen      total 3072K, used 2784K [0x00000000eab00000, 0x00000000eb100000, 0x0000000100000000)
  eden space 1536K, 100% used [0x00000000eab00000,0x00000000eac80000,0x00000000eac80000)
  from space 1536K, 81% used [0x00000000eac80000,0x00000000eadb8000,0x00000000eae00000)
  to   space 2048K, 0% used [0x00000000eaf00000,0x00000000eaf00000,0x00000000eb100000)
 ParOldGen       total 168448K, used 145205K [0x00000000c0000000, 0x00000000ca480000, 0x00000000eab00000)
  object space 168448K, 86% used [0x00000000c0000000,0x00000000c8dcd778,0x00000000ca480000)
 Metaspace       used 87574K, committed 88640K, reserved 1179648K
  class space    used 8800K, committed 9280K, reserved 1048576K
}

Dll operation events (11 events):
Event: 0.121 Loaded shared library c:\Users\jogos\.vscode\extensions\redhat.java-1.21.0-win32-x64\jre\17.0.7-win32-x86_64\bin\java.dll
Event: 0.894 Loaded shared library c:\Users\jogos\.vscode\extensions\redhat.java-1.21.0-win32-x64\jre\17.0.7-win32-x86_64\bin\zip.dll
Event: 0.899 Loaded shared library C:\Users\jogos\.vscode\extensions\redhat.java-1.21.0-win32-x64\jre\17.0.7-win32-x86_64\bin\instrument.dll
Event: 1.141 Loaded shared library C:\Users\jogos\.vscode\extensions\redhat.java-1.21.0-win32-x64\jre\17.0.7-win32-x86_64\bin\net.dll
Event: 1.180 Loaded shared library C:\Users\jogos\.vscode\extensions\redhat.java-1.21.0-win32-x64\jre\17.0.7-win32-x86_64\bin\nio.dll
Event: 1.219 Loaded shared library C:\Users\jogos\.vscode\extensions\redhat.java-1.21.0-win32-x64\jre\17.0.7-win32-x86_64\bin\zip.dll
Event: 1.302 Loaded shared library C:\Users\jogos\.vscode\extensions\redhat.java-1.21.0-win32-x64\jre\17.0.7-win32-x86_64\bin\jimage.dll
Event: 1.435 Loaded shared library c:\Users\jogos\.vscode\extensions\redhat.java-1.21.0-win32-x64\jre\17.0.7-win32-x86_64\bin\verify.dll
Event: 8.897 Loaded shared library C:\Users\jogos\AppData\Roaming\Code\User\globalStorage\redhat.java\1.21.0\config_win\org.eclipse.equinox.launcher\org.eclipse.equinox.launcher.win32.win32.x86_64_1.2.700.v20221108-1024\eclipse_11801.dll
Event: 24.348 Loaded shared library C:\Users\jogos\AppData\Local\Temp\jna-101302566\jna10335863039480753475.dll
Event: 29.351 Loaded shared library C:\Users\jogos\.vscode\extensions\redhat.java-1.21.0-win32-x64\jre\17.0.7-win32-x86_64\bin\sunmscapi.dll

Deoptimization events (20 events):
Event: 3768.249 Thread 0x0000021fdaa44bc0 DEOPT PACKING pc=0x0000021fc4124d21 sp=0x000000c5b91fdd30
Event: 3768.249 Thread 0x0000021fdaa44bc0 DEOPT UNPACKING pc=0x0000021fcabf6e24 sp=0x000000c5b91fd240 mode 0
Event: 3771.630 Thread 0x0000021fdaa480b0 DEOPT PACKING pc=0x0000021fc4124d21 sp=0x000000c5b91fe400
Event: 3771.630 Thread 0x0000021fdaa480b0 DEOPT UNPACKING pc=0x0000021fcabf6e24 sp=0x000000c5b91fd910 mode 0
Event: 3773.906 Thread 0x0000021fdaa44bc0 Uncommon trap: trap_request=0xfffffff4 fr.pc=0x0000021fcbd6b230 relative=0x0000000000000110
Event: 3773.906 Thread 0x0000021fdaa44bc0 Uncommon trap: reason=null_check action=make_not_entrant pc=0x0000021fcbd6b230 method=org.eclipse.jdt.ls.core.internal.text.correction.CodeActionUtility.inferASTNode(Lorg/eclipse/jdt/core/dom/ASTNode;Ljava/lang/Class;)Lorg/eclipse/jdt/core/dom/ASTNode; @ 
Event: 3773.906 Thread 0x0000021fdaa44bc0 DEOPT PACKING pc=0x0000021fcbd6b230 sp=0x000000c5ba9fe9f0
Event: 3773.906 Thread 0x0000021fdaa44bc0 DEOPT UNPACKING pc=0x0000021fcabf669d sp=0x000000c5ba9fe988 mode 2
Event: 3776.595 Thread 0x0000021fdaa48a50 Uncommon trap: trap_request=0xffffff45 fr.pc=0x0000021fcbab4f8c relative=0x000000000000036c
Event: 3776.595 Thread 0x0000021fdaa48a50 Uncommon trap: reason=unstable_if action=reinterpret pc=0x0000021fcbab4f8c method=org.eclipse.jdt.core.compiler.CharOperation.concatWith([[CC)[C @ 60 c2
Event: 3776.595 Thread 0x0000021fdaa48a50 DEOPT PACKING pc=0x0000021fcbab4f8c sp=0x000000c5bb2feb00
Event: 3776.595 Thread 0x0000021fdaa48a50 DEOPT UNPACKING pc=0x0000021fcabf669d sp=0x000000c5bb2feac0 mode 2
Event: 3789.422 Thread 0x0000021fdaa48a50 Uncommon trap: trap_request=0xffffffde fr.pc=0x0000021fcbdf029c relative=0x00000000000001fc
Event: 3789.422 Thread 0x0000021fdaa48a50 Uncommon trap: reason=class_check action=maybe_recompile pc=0x0000021fcbdf029c method=org.eclipse.jdt.internal.core.CompilationUnit.equals(Ljava/lang/Object;)Z @ 10 c2
Event: 3789.422 Thread 0x0000021fdaa48a50 DEOPT PACKING pc=0x0000021fcbdf029c sp=0x000000c5bb2fe8f0
Event: 3789.422 Thread 0x0000021fdaa48a50 DEOPT UNPACKING pc=0x0000021fcabf669d sp=0x000000c5bb2fe888 mode 2
Event: 3790.153 Thread 0x0000021fdaa48a50 Uncommon trap: trap_request=0xffffffde fr.pc=0x0000021fcbdf029c relative=0x00000000000001fc
Event: 3790.153 Thread 0x0000021fdaa48a50 Uncommon trap: reason=class_check action=maybe_recompile pc=0x0000021fcbdf029c method=org.eclipse.jdt.internal.core.CompilationUnit.equals(Ljava/lang/Object;)Z @ 10 c2
Event: 3790.153 Thread 0x0000021fdaa48a50 DEOPT PACKING pc=0x0000021fcbdf029c sp=0x000000c5bb2fe8f0
Event: 3790.153 Thread 0x0000021fdaa48a50 DEOPT UNPACKING pc=0x0000021fcabf669d sp=0x000000c5bb2fe888 mode 2

Classes unloaded (20 events):
Event: 1923.799 Thread 0x0000021fd47a9e50 Unloading class 0x00000001001a0800 'java/lang/invoke/LambdaForm$MH+0x00000001001a0800'
Event: 1923.799 Thread 0x0000021fd47a9e50 Unloading class 0x00000001001a0400 'java/lang/invoke/LambdaForm$MH+0x00000001001a0400'
Event: 1923.799 Thread 0x0000021fd47a9e50 Unloading class 0x00000001001a0000 'java/lang/invoke/LambdaForm$MH+0x00000001001a0000'
Event: 1923.799 Thread 0x0000021fd47a9e50 Unloading class 0x000000010019cc00 'java/lang/invoke/LambdaForm$MH+0x000000010019cc00'
Event: 1923.799 Thread 0x0000021fd47a9e50 Unloading class 0x000000010019c400 'java/lang/invoke/LambdaForm$MH+0x000000010019c400'
Event: 1923.799 Thread 0x0000021fd47a9e50 Unloading class 0x000000010019bc00 'java/lang/invoke/LambdaForm$MH+0x000000010019bc00'
Event: 1923.799 Thread 0x0000021fd47a9e50 Unloading class 0x000000010019b800 'java/lang/invoke/LambdaForm$MH+0x000000010019b800'
Event: 1923.799 Thread 0x0000021fd47a9e50 Unloading class 0x000000010019b000 'java/lang/invoke/LambdaForm$MH+0x000000010019b000'
Event: 1923.799 Thread 0x0000021fd47a9e50 Unloading class 0x000000010019ac00 'java/lang/invoke/LambdaForm$MH+0x000000010019ac00'
Event: 1923.799 Thread 0x0000021fd47a9e50 Unloading class 0x000000010019a400 'java/lang/invoke/LambdaForm$MH+0x000000010019a400'
Event: 1923.799 Thread 0x0000021fd47a9e50 Unloading class 0x0000000100129000 'jdk/internal/reflect/GeneratedMethodAccessor5'
Event: 1923.799 Thread 0x0000021fd47a9e50 Unloading class 0x0000000100128c00 'jdk/internal/reflect/GeneratedMethodAccessor4'
Event: 1923.799 Thread 0x0000021fd47a9e50 Unloading class 0x0000000100128800 'jdk/internal/reflect/GeneratedMethodAccessor3'
Event: 1923.799 Thread 0x0000021fd47a9e50 Unloading class 0x0000000100128400 'jdk/internal/reflect/GeneratedMethodAccessor2'
Event: 1923.799 Thread 0x0000021fd47a9e50 Unloading class 0x0000000100128000 'jdk/internal/reflect/GeneratedMethodAccessor1'
Event: 2915.332 Thread 0x0000021fd47a9e50 Unloading class 0x0000000100878000 'jdk/internal/reflect/GeneratedConstructorAccessor68'
Event: 2915.332 Thread 0x0000021fd47a9e50 Unloading class 0x0000000100884000 'jdk/internal/reflect/GeneratedConstructorAccessor67'
Event: 2915.332 Thread 0x0000021fd47a9e50 Unloading class 0x00000001008f8400 'jdk/internal/reflect/GeneratedConstructorAccessor66'
Event: 2915.332 Thread 0x0000021fd47a9e50 Unloading class 0x0000000100908400 'jdk/internal/reflect/GeneratedConstructorAccessor65'
Event: 2915.332 Thread 0x0000021fd47a9e50 Unloading class 0x0000000100908800 'jdk/internal/reflect/GeneratedConstructorAccessor64'

Classes redefined (0 events):
No events

Internal exceptions (20 events):
Event: 3782.159 Thread 0x0000021fd96619f0 Exception <a 'sun/nio/fs/WindowsException'{0x00000000eaf58958}> (0x00000000eaf58958) 
thrown [s\src\hotspot\share\prims\jni.cpp, line 516]
Event: 3784.649 Thread 0x0000021fdaa48a50 Exception <a 'java/lang/ArrayIndexOutOfBoundsException'{0x00000000eabc78b0}> (0x00000000eabc78b0) 
thrown [s\src\hotspot\share\runtime\sharedRuntime.cpp, line 628]
Event: 3784.649 Thread 0x0000021fdaa48a50 Exception <a 'java/lang/ArrayIndexOutOfBoundsException'{0x00000000eabc7f50}> (0x00000000eabc7f50) 
thrown [s\src\hotspot\share\runtime\sharedRuntime.cpp, line 628]
Event: 3784.649 Thread 0x0000021fdaa48a50 Exception <a 'java/lang/ArrayIndexOutOfBoundsException'{0x00000000eabc8300}> (0x00000000eabc8300) 
thrown [s\src\hotspot\share\runtime\sharedRuntime.cpp, line 628]
Event: 3785.987 Thread 0x0000021fd96619f0 Exception <a 'sun/nio/fs/WindowsException'{0x00000000eaf181e0}> (0x00000000eaf181e0) 
thrown [s\src\hotspot\share\prims\jni.cpp, line 516]
Event: 3786.495 Thread 0x0000021fd96619f0 Exception <a 'sun/nio/fs/WindowsException'{0x00000000eacba0d0}> (0x00000000eacba0d0) 
thrown [s\src\hotspot\share\prims\jni.cpp, line 516]
Event: 3789.350 Thread 0x0000021fdaa48a50 Exception <a 'java/lang/ArrayIndexOutOfBoundsException'{0x00000000eac1e1a0}> (0x00000000eac1e1a0) 
thrown [s\src\hotspot\share\runtime\sharedRuntime.cpp, line 628]
Event: 3789.350 Thread 0x0000021fdaa48a50 Exception <a 'java/lang/ArrayIndexOutOfBoundsException'{0x00000000eac1eae8}> (0x00000000eac1eae8) 
thrown [s\src\hotspot\share\runtime\sharedRuntime.cpp, line 628]
Event: 3789.350 Thread 0x0000021fdaa48a50 Exception <a 'java/lang/ArrayIndexOutOfBoundsException'{0x00000000eac1ee98}> (0x00000000eac1ee98) 
thrown [s\src\hotspot\share\runtime\sharedRuntime.cpp, line 628]
Event: 3789.833 Thread 0x0000021fdaa48a50 Exception <a 'java/lang/ArrayIndexOutOfBoundsException'{0x00000000eac5f710}> (0x00000000eac5f710) 
thrown [s\src\hotspot\share\runtime\sharedRuntime.cpp, line 628]
Event: 3789.833 Thread 0x0000021fdaa48a50 Exception <a 'java/lang/ArrayIndexOutOfBoundsException'{0x00000000eac5fdb0}> (0x00000000eac5fdb0) 
thrown [s\src\hotspot\share\runtime\sharedRuntime.cpp, line 628]
Event: 3789.833 Thread 0x0000021fdaa48a50 Exception <a 'java/lang/ArrayIndexOutOfBoundsException'{0x00000000eac60160}> (0x00000000eac60160) 
thrown [s\src\hotspot\share\runtime\sharedRuntime.cpp, line 628]
Event: 3790.074 Thread 0x0000021fdaa48a50 Exception <a 'java/lang/ArrayIndexOutOfBoundsException'{0x00000000eadd9e78}> (0x00000000eadd9e78) 
thrown [s\src\hotspot\share\runtime\sharedRuntime.cpp, line 628]
Event: 3790.074 Thread 0x0000021fdaa48a50 Exception <a 'java/lang/ArrayIndexOutOfBoundsException'{0x00000000eadda518}> (0x00000000eadda518) 
thrown [s\src\hotspot\share\runtime\sharedRuntime.cpp, line 628]
Event: 3790.074 Thread 0x0000021fdaa48a50 Exception <a 'java/lang/ArrayIndexOutOfBoundsException'{0x00000000eadda8c8}> (0x00000000eadda8c8) 
thrown [s\src\hotspot\share\runtime\sharedRuntime.cpp, line 628]
Event: 3792.418 Thread 0x0000021fd96619f0 Exception <a 'sun/nio/fs/WindowsException'{0x00000000eabde858}> (0x00000000eabde858) 
thrown [s\src\hotspot\share\prims\jni.cpp, line 516]
Event: 3792.976 Thread 0x0000021fd96619f0 Exception <a 'sun/nio/fs/WindowsException'{0x00000000eacabe70}> (0x00000000eacabe70) 
thrown [s\src\hotspot\share\prims\jni.cpp, line 516]
Event: 3794.983 Thread 0x0000021fd96619f0 Exception <a 'sun/nio/fs/WindowsException'{0x00000000eabe0ff0}> (0x00000000eabe0ff0) 
thrown [s\src\hotspot\share\prims\jni.cpp, line 516]
Event: 3795.325 Thread 0x0000021fd96619f0 Exception <a 'sun/nio/fs/WindowsException'{0x00000000eac25da0}> (0x00000000eac25da0) 
thrown [s\src\hotspot\share\prims\jni.cpp, line 516]
Event: 3799.245 Thread 0x0000021fd96619f0 Exception <a 'sun/nio/fs/WindowsException'{0x00000000eac716e8}> (0x00000000eac716e8) 
thrown [s\src\hotspot\share\prims\jni.cpp, line 516]

VM Operations (20 events):
Event: 3798.130 Executing VM operation: ParallelGCFailedAllocation done
Event: 3798.140 Executing VM operation: ParallelGCFailedAllocation
Event: 3798.146 Executing VM operation: ParallelGCFailedAllocation done
Event: 3798.151 Executing VM operation: ParallelGCFailedAllocation
Event: 3798.154 Executing VM operation: ParallelGCFailedAllocation done
Event: 3798.160 Executing VM operation: ParallelGCFailedAllocation
Event: 3798.161 Executing VM operation: ParallelGCFailedAllocation done
Event: 3798.171 Executing VM operation: ParallelGCFailedAllocation
Event: 3798.172 Executing VM operation: ParallelGCFailedAllocation done
Event: 3798.206 Executing VM operation: ParallelGCFailedAllocation
Event: 3798.209 Executing VM operation: ParallelGCFailedAllocation done
Event: 3798.857 Executing VM operation: ParallelGCFailedAllocation
Event: 3798.860 Executing VM operation: ParallelGCFailedAllocation done
Event: 3799.217 Executing VM operation: ParallelGCFailedAllocation
Event: 3799.220 Executing VM operation: ParallelGCFailedAllocation done
Event: 3799.255 Executing VM operation: ParallelGCFailedAllocation
Event: 3799.260 Executing VM operation: ParallelGCFailedAllocation done
Event: 3799.265 Executing VM operation: ParallelGCFailedAllocation
Event: 3799.270 Executing VM operation: ParallelGCFailedAllocation done
Event: 3799.273 Executing VM operation: ParallelGCFailedAllocation

Events (20 events):
Event: 3798.215 Thread 0x0000021fdaa480b0 Thread exited: 0x0000021fdaa480b0
Event: 3798.217 Thread 0x0000021fdaa493f0 Thread added: 0x0000021fdaa493f0
Event: 3798.242 Thread 0x0000021fdaa493f0 Thread exited: 0x0000021fdaa493f0
Event: 3798.285 Thread 0x0000021fdaa44bc0 Thread added: 0x0000021fdaa44bc0
Event: 3798.296 Thread 0x0000021fdaa44bc0 Thread exited: 0x0000021fdaa44bc0
Event: 3798.306 Thread 0x0000021fdaa45f00 Thread added: 0x0000021fdaa45f00
Event: 3798.322 Thread 0x0000021fdaa45f00 Thread exited: 0x0000021fdaa45f00
Event: 3798.770 Thread 0x0000021fdaa44bc0 Thread added: 0x0000021fdaa44bc0
Event: 3798.774 Thread 0x0000021fdaa44bc0 Thread exited: 0x0000021fdaa44bc0
Event: 3799.052 Thread 0x0000021fdaa44bc0 Thread added: 0x0000021fdaa44bc0
Event: 3799.059 Thread 0x0000021fdaa44bc0 Thread exited: 0x0000021fdaa44bc0
Event: 3799.100 Thread 0x0000021fdaa44bc0 Thread added: 0x0000021fdaa44bc0
Event: 3799.102 Thread 0x0000021fdaa44bc0 Thread exited: 0x0000021fdaa44bc0
Event: 3799.167 Thread 0x0000021fdaa463d0 Thread added: 0x0000021fdaa463d0
Event: 3799.168 Thread 0x0000021fdaa463d0 Thread exited: 0x0000021fdaa463d0
Event: 3799.207 Thread 0x0000021fdaa44bc0 Thread added: 0x0000021fdaa44bc0
Event: 3799.225 Thread 0x0000021fdaa44bc0 Thread exited: 0x0000021fdaa44bc0
Event: 3799.227 Thread 0x0000021fdaa45f00 Thread added: 0x0000021fdaa45f00
Event: 3799.248 Thread 0x0000021fdaa493f0 Thread added: 0x0000021fdaa493f0
Event: 3799.254 Thread 0x0000021fdaa45f00 Thread exited: 0x0000021fdaa45f00


Dynamic libraries:
0x00007ff74ba90000 - 0x00007ff74ba9e000 	c:\Users\jogos\.vscode\extensions\redhat.java-1.21.0-win32-x64\jre\17.0.7-win32-x86_64\bin\java.exe
0x00007fff6cdf0000 - 0x00007fff6cfe8000 	C:\WINDOWS\SYSTEM32\ntdll.dll
0x00007fff677d0000 - 0x00007fff677e9000 	C:\Program Files\Avast Software\Avast\aswhook.dll
0x00007fff6c220000 - 0x00007fff6c2df000 	C:\WINDOWS\System32\KERNEL32.DLL
0x00007fff6a5d0000 - 0x00007fff6a8c6000 	C:\WINDOWS\System32\KERNELBASE.dll
0x00007fff6a4d0000 - 0x00007fff6a5d0000 	C:\WINDOWS\System32\ucrtbase.dll
0x00007fff60d30000 - 0x00007fff60d47000 	c:\Users\jogos\.vscode\extensions\redhat.java-1.21.0-win32-x64\jre\17.0.7-win32-x86_64\bin\jli.dll
0x00007fff6bbf0000 - 0x00007fff6bd8d000 	C:\WINDOWS\System32\USER32.dll
0x00007fff6a970000 - 0x00007fff6a992000 	C:\WINDOWS\System32\win32u.dll
0x00007fff6cd80000 - 0x00007fff6cdac000 	C:\WINDOWS\System32\GDI32.dll
0x00007fff6ac70000 - 0x00007fff6ad85000 	C:\WINDOWS\System32\gdi32full.dll
0x00007fff6a8d0000 - 0x00007fff6a96d000 	C:\WINDOWS\System32\msvcp_win.dll
0x00007fff4fb40000 - 0x00007fff4fb59000 	c:\Users\jogos\.vscode\extensions\redhat.java-1.21.0-win32-x64\jre\17.0.7-win32-x86_64\bin\VCRUNTIME140.dll
0x00007fff69850000 - 0x00007fff69aea000 	C:\WINDOWS\WinSxS\amd64_microsoft.windows.common-controls_6595b64144ccf1df_6.0.19041.1110_none_60b5254171f9507e\COMCTL32.dll
0x00007fff6c590000 - 0x00007fff6c62e000 	C:\WINDOWS\System32\msvcrt.dll
0x00007fff6ae50000 - 0x00007fff6ae80000 	C:\WINDOWS\System32\IMM32.DLL
0x00007fff67800000 - 0x00007fff6780c000 	c:\Users\jogos\.vscode\extensions\redhat.java-1.21.0-win32-x64\jre\17.0.7-win32-x86_64\bin\vcruntime140_1.dll
0x00007fff38520000 - 0x00007fff385b1000 	c:\Users\jogos\.vscode\extensions\redhat.java-1.21.0-win32-x64\jre\17.0.7-win32-x86_64\bin\msvcp140.dll
0x00007fff11860000 - 0x00007fff124a8000 	c:\Users\jogos\.vscode\extensions\redhat.java-1.21.0-win32-x64\jre\17.0.7-win32-x86_64\bin\server\jvm.dll
0x00007fff6c170000 - 0x00007fff6c21f000 	C:\WINDOWS\System32\ADVAPI32.dll
0x00007fff6b010000 - 0x00007fff6b0ac000 	C:\WINDOWS\System32\sechost.dll
0x00007fff6baa0000 - 0x00007fff6bbc6000 	C:\WINDOWS\System32\RPCRT4.dll
0x00007fff63810000 - 0x00007fff63819000 	C:\WINDOWS\SYSTEM32\WSOCK32.dll
0x00007fff6c520000 - 0x00007fff6c58b000 	C:\WINDOWS\System32\WS2_32.dll
0x00007fff64bc0000 - 0x00007fff64be7000 	C:\WINDOWS\SYSTEM32\WINMM.dll
0x00007fff614e0000 - 0x00007fff614ea000 	C:\WINDOWS\SYSTEM32\VERSION.dll
0x00007fff67d30000 - 0x00007fff67d42000 	C:\WINDOWS\SYSTEM32\kernel.appcore.dll
0x00007fff64fb0000 - 0x00007fff64fba000 	c:\Users\jogos\.vscode\extensions\redhat.java-1.21.0-win32-x64\jre\17.0.7-win32-x86_64\bin\jimage.dll
0x00007fff69c40000 - 0x00007fff69e24000 	C:\WINDOWS\SYSTEM32\DBGHELP.DLL
0x00007fff69c00000 - 0x00007fff69c34000 	C:\WINDOWS\SYSTEM32\dbgcore.DLL
0x00007fff6a9a0000 - 0x00007fff6aa22000 	C:\WINDOWS\System32\bcryptPrimitives.dll
0x00007fff60630000 - 0x00007fff6063e000 	c:\Users\jogos\.vscode\extensions\redhat.java-1.21.0-win32-x64\jre\17.0.7-win32-x86_64\bin\instrument.dll
0x00007fff4d8a0000 - 0x00007fff4d8c5000 	c:\Users\jogos\.vscode\extensions\redhat.java-1.21.0-win32-x64\jre\17.0.7-win32-x86_64\bin\java.dll
0x00007fff40500000 - 0x00007fff40518000 	c:\Users\jogos\.vscode\extensions\redhat.java-1.21.0-win32-x64\jre\17.0.7-win32-x86_64\bin\zip.dll
0x00007fff6b2c0000 - 0x00007fff6ba04000 	C:\WINDOWS\System32\SHELL32.dll
0x00007fff67f30000 - 0x00007fff686c4000 	C:\WINDOWS\SYSTEM32\windows.storage.dll
0x00007fff6be10000 - 0x00007fff6c164000 	C:\WINDOWS\System32\combase.dll
0x00007fff697b0000 - 0x00007fff697de000 	C:\WINDOWS\SYSTEM32\Wldp.dll
0x00007fff6c470000 - 0x00007fff6c51d000 	C:\WINDOWS\System32\SHCORE.dll
0x00007fff6c3b0000 - 0x00007fff6c405000 	C:\WINDOWS\System32\shlwapi.dll
0x00007fff6a400000 - 0x00007fff6a425000 	C:\WINDOWS\SYSTEM32\profapi.dll
0x00007fff69e90000 - 0x00007fff69ea9000 	C:\Users\jogos\.vscode\extensions\redhat.java-1.21.0-win32-x64\jre\17.0.7-win32-x86_64\bin\net.dll
0x00007fff615f0000 - 0x00007fff616fa000 	C:\WINDOWS\SYSTEM32\WINHTTP.dll
0x00007fff69680000 - 0x00007fff696ea000 	C:\WINDOWS\system32\mswsock.dll
0x00007fff647d0000 - 0x00007fff647e5000 	C:\Users\jogos\.vscode\extensions\redhat.java-1.21.0-win32-x64\jre\17.0.7-win32-x86_64\bin\nio.dll
0x00007fff63a80000 - 0x00007fff63a90000 	c:\Users\jogos\.vscode\extensions\redhat.java-1.21.0-win32-x64\jre\17.0.7-win32-x86_64\bin\verify.dll
0x00007fff4a810000 - 0x00007fff4a84e000 	C:\Users\jogos\AppData\Roaming\Code\User\globalStorage\redhat.java\1.21.0\config_win\org.eclipse.equinox.launcher\org.eclipse.equinox.launcher.win32.win32.x86_64_1.2.700.v20221108-1024\eclipse_11801.dll
0x00007fff6ae80000 - 0x00007fff6afaa000 	C:\WINDOWS\System32\ole32.dll
0x00007fff6a170000 - 0x00007fff6a188000 	C:\WINDOWS\SYSTEM32\CRYPTSP.dll
0x00007fff68e90000 - 0x00007fff68ec4000 	C:\WINDOWS\system32\rsaenh.dll
0x00007fff6aae0000 - 0x00007fff6ab07000 	C:\WINDOWS\System32\bcrypt.dll
0x00007fff6a370000 - 0x00007fff6a39e000 	C:\WINDOWS\SYSTEM32\USERENV.dll
0x00007fff69770000 - 0x00007fff6977c000 	C:\WINDOWS\SYSTEM32\CRYPTBASE.dll
0x00007fff69200000 - 0x00007fff6923c000 	C:\WINDOWS\SYSTEM32\IPHLPAPI.DLL
0x00007fff6b0b0000 - 0x00007fff6b0b8000 	C:\WINDOWS\System32\NSI.dll
0x00007fff63620000 - 0x00007fff63637000 	C:\WINDOWS\SYSTEM32\dhcpcsvc6.DLL
0x00007fff63600000 - 0x00007fff6361d000 	C:\WINDOWS\SYSTEM32\dhcpcsvc.DLL
0x00007fff69240000 - 0x00007fff6930a000 	C:\WINDOWS\SYSTEM32\DNSAPI.dll
0x00007fff38600000 - 0x00007fff38645000 	C:\Users\jogos\AppData\Local\Temp\jna-101302566\jna10335863039480753475.dll
0x00007fff6bbd0000 - 0x00007fff6bbd8000 	C:\WINDOWS\System32\PSAPI.DLL
0x00007fff63360000 - 0x00007fff6336e000 	C:\Users\jogos\.vscode\extensions\redhat.java-1.21.0-win32-x64\jre\17.0.7-win32-x86_64\bin\sunmscapi.dll
0x00007fff6ab10000 - 0x00007fff6ac6e000 	C:\WINDOWS\System32\CRYPT32.dll
0x00007fff69820000 - 0x00007fff69848000 	C:\WINDOWS\SYSTEM32\ncrypt.dll
0x00007fff697e0000 - 0x00007fff6981b000 	C:\WINDOWS\SYSTEM32\NTASN1.dll
0x00007fff657a0000 - 0x00007fff657aa000 	C:\Windows\System32\rasadhlp.dll
0x00007fff656b0000 - 0x00007fff65732000 	C:\WINDOWS\System32\fwpuclnt.dll

dbghelp: loaded successfully - version: 4.0.5 - missing functions: none
symbol engine: initialized successfully - sym options: 0x614 - pdb path: .;c:\Users\jogos\.vscode\extensions\redhat.java-1.21.0-win32-x64\jre\17.0.7-win32-x86_64\bin;C:\WINDOWS\SYSTEM32;C:\Program Files\Avast Software\Avast;C:\WINDOWS\WinSxS\amd64_microsoft.windows.common-controls_6595b64144ccf1df_6.0.19041.1110_none_60b5254171f9507e;c:\Users\jogos\.vscode\extensions\redhat.java-1.21.0-win32-x64\jre\17.0.7-win32-x86_64\bin\server;C:\Users\jogos\AppData\Roaming\Code\User\globalStorage\redhat.java\1.21.0\config_win\org.eclipse.equinox.launcher\org.eclipse.equinox.launcher.win32.win32.x86_64_1.2.700.v20221108-1024;C:\Users\jogos\AppData\Local\Temp\jna-101302566

VM Arguments:
jvm_args: --add-modules=ALL-SYSTEM --add-opens=java.base/java.util=ALL-UNNAMED --add-opens=java.base/java.lang=ALL-UNNAMED --add-opens=java.base/sun.nio.fs=ALL-UNNAMED -Declipse.application=org.eclipse.jdt.ls.core.id1 -Dosgi.bundles.defaultStartLevel=4 -Declipse.product=org.eclipse.jdt.ls.core.product -Djava.import.generatesMetadataFilesAtProjectRoot=false -Dfile.encoding=utf8 -XX:+UseParallelGC -XX:GCTimeRatio=4 -XX:AdaptiveSizePolicyWeight=90 -Dsun.zip.disableMemoryMapping=true -Xmx1G -Xms100m -Xlog:disable -javaagent:c:\Users\jogos\.vscode\extensions\redhat.java-1.21.0-win32-x64\lombok\lombok-1.18.28.jar -XX:+HeapDumpOnOutOfMemoryError -XX:HeapDumpPath=c:\Users\jogos\AppData\Roaming\Code\User\workspaceStorage\c0aef8e5b4e1929083b73ec63c78fc2e\redhat.java -Daether.dependencyCollector.impl=bf 
java_command: c:\Users\jogos\.vscode\extensions\redhat.java-1.21.0-win32-x64\server\plugins\org.eclipse.equinox.launcher_1.6.500.v20230717-2134.jar -configuration c:\Users\jogos\AppData\Roaming\Code\User\globalStorage\redhat.java\1.21.0\config_win -data c:\Users\jogos\AppData\Roaming\Code\User\workspaceStorage\c0aef8e5b4e1929083b73ec63c78fc2e\redhat.java\jdt_ws
java_class_path (initial): c:\Users\jogos\.vscode\extensions\redhat.java-1.21.0-win32-x64\server\plugins\org.eclipse.equinox.launcher_1.6.500.v20230717-2134.jar
Launcher Type: SUN_STANDARD

[Global flags]
    uintx AdaptiveSizePolicyWeight                 = 90                                        {product} {command line}
     intx CICompilerCount                          = 2                                         {product} {ergonomic}
    uintx GCTimeRatio                              = 4                                         {product} {command line}
     bool HeapDumpOnOutOfMemoryError               = true                                   {manageable} {command line}
    ccstr HeapDumpPath                             = c:\Users\jogos\AppData\Roaming\Code\User\workspaceStorage\c0aef8e5b4e1929083b73ec63c78fc2e\redhat.java         {manageable} {command line}
   size_t InitialHeapSize                          = 104857600                                 {product} {command line}
   size_t MaxHeapSize                              = 1073741824                                {product} {command line}
   size_t MaxNewSize                               = 357564416                                 {product} {ergonomic}
   size_t MinHeapDeltaBytes                        = 524288                                    {product} {ergonomic}
   size_t MinHeapSize                              = 104857600                                 {product} {command line}
   size_t NewSize                                  = 34603008                                  {product} {ergonomic}
    uintx NonNMethodCodeHeapSize                   = 5826188                                {pd product} {ergonomic}
    uintx NonProfiledCodeHeapSize                  = 122916026                              {pd product} {ergonomic}
   size_t OldSize                                  = 70254592                                  {product} {ergonomic}
    uintx ProfiledCodeHeapSize                     = 122916026                              {pd product} {ergonomic}
    uintx ReservedCodeCacheSize                    = 251658240                              {pd product} {ergonomic}
     bool SegmentedCodeCache                       = true                                      {product} {ergonomic}
   size_t SoftMaxHeapSize                          = 1073741824                             {manageable} {ergonomic}
     bool UseCompressedClassPointers               = true                           {product lp64_product} {ergonomic}
     bool UseCompressedOops                        = true                           {product lp64_product} {ergonomic}
     bool UseLargePagesIndividualAllocation        = false                                  {pd product} {ergonomic}
     bool UseParallelGC                            = true                                      {product} {command line}

Logging:
Log output configuration:
 #0: stdout all=off uptime,level,tags
 #1: stderr all=off uptime,level,tags

Environment Variables:
PATH=C:\Program Files\Common Files\Oracle\Java\javapath;C:\Program Files\Microsoft\jdk-11.0.16.101-hotspot\bin;C:\WINDOWS\system32;C:\WINDOWS;C:\WINDOWS\System32\Wbem;C:\WINDOWS\System32\WindowsPowerShell\v1.0\;C:\WINDOWS\System32\OpenSSH\;C:\Program Files\dotnet\;C:\Windows\Microsoft.NET\Framework64\v4.0.30319;C:\Program Files\Microsoft SQL Server\150\Tools\Binn\;C:\Program Files (x86)\Bitvise SSH Client;E:\Program Files\PuTTY\;C:\Program Files (x86)\NVIDIA Corporation\PhysX\Common;C:\Users\jogos\AppData\Local\Microsoft\WindowsApps;;C:\Users\jogos\.dotnet\tools;F:\Users\jogos\AppData\Local\Programs\Microsoft VS Code\bin
USERNAME=jogos
OS=Windows_NT
PROCESSOR_IDENTIFIER=Intel64 Family 6 Model 23 Stepping 10, GenuineIntel
TMP=C:\Users\jogos\AppData\Local\Temp
TEMP=C:\Users\jogos\AppData\Local\Temp



---------------  S Y S T E M  ---------------

OS:
 Windows 10 , 64 bit Build 19041 (10.0.19041.3155)
OS uptime: 1 days 15:10 hours

CPU: total 2 (initial active 2) (2 cores per cpu, 1 threads per core) family 6 model 23 stepping 10 microcode 0xa0c, cx8, cmov, fxsr, mmx, sse, sse2, sse3, ssse3, sse4.1, tsc, clflush

Memory: 4k page, system-wide physical 7037M (2769M free)
TotalPageFile size 8189M (AvailPageFile size 4036M)
current process WorkingSet (physical memory assigned to process): 458M, peak: 498M
current process commit charge ("private bytes"): 435M, peak: 502M

vm_info: OpenJDK 64-Bit Server VM (17.0.7+7) for windows-amd64 JRE (17.0.7+7), built on Apr 18 2023 22:10:42 by "temurin" with MS VC++ 16.7 (VS2019)

END.
